mode: set
./log-service/internal/clients/kafka/producer.go:17.67,28.16 5 0
./log-service/internal/clients/kafka/producer.go:28.16,30.3 1 0
./log-service/internal/clients/kafka/producer.go:30.8,32.3 1 0
./log-service/internal/clients/kafka/producer.go:34.2,34.16 1 0
./log-service/internal/clients/kafka/producer.go:38.40,43.16 3 0
./log-service/internal/clients/kafka/producer.go:43.16,45.3 1 0
./log-service/internal/clients/kafka/producer.go:46.2,46.22 1 0
./log-service/internal/clients/kafka/producer.go:46.22,48.17 2 0
./log-service/internal/clients/kafka/producer.go:48.17,50.4 1 0
./log-service/internal/clients/kafka/producer.go:52.3,61.67 4 0
./log-service/internal/clients/kafka/producer.go:65.37,67.17 2 0
./log-service/internal/clients/kafka/producer.go:67.17,70.3 2 0
./log-service/internal/clients/kafka/producer.go:71.2,76.40 4 0
./log-service/internal/clients/kafka/producer.go:76.40,77.17 1 0
./log-service/internal/clients/kafka/producer.go:78.12,79.14 1 0
./log-service/internal/clients/kafka/producer.go:80.12,82.21 2 0
./log-service/internal/clients/kafka/producer.go:82.21,84.10 2 0
./log-service/internal/clients/kafka/producer.go:89.2,90.16 2 0
./log-service/internal/clients/kafka/producer.go:93.62,95.20 2 0
./log-service/internal/clients/kafka/producer.go:95.20,97.3 1 0
./log-service/internal/clients/kafka/producer.go:99.2,100.63 2 0
./log-service/internal/clients/kafka/producer.go:100.63,102.3 1 0
./log-service/internal/clients/kafka/producer.go:103.2,103.17 1 0
./log-service/internal/clients/kafka/writer.go:5.57,12.2 1 0
./log-service/cmd/main.go:10.13,19.2 5 0
./log-service/internal/config/config.go:16.21,18.40 1 0
./log-service/internal/config/config.go:18.40,20.3 1 0
./log-service/internal/config/config.go:22.2,27.3 1 0
./log-service/internal/logger/server/log_manager.go:13.55,22.2 1 0
./log-service/internal/logger/server/log_manager.go:24.71,31.50 5 0
./log-service/internal/logger/server/log_manager.go:31.50,33.3 1 0
./log-service/internal/logger/server/log_manager.go:35.2,37.22 3 0
./log-service/internal/logger/server/log_server.go:12.39,14.16 2 0
./log-service/internal/logger/server/log_server.go:14.16,16.3 1 0
./log-service/internal/logger/server/log_server.go:18.2,24.57 4 0
./log-service/internal/logger/server/log_server.go:24.57,26.3 1 0
./log-service/internal/logger/server/log_server.go:29.82,33.2 3 0
./log-service/internal/signals/shutdown.go:10.70,15.9 3 0
./log-service/internal/signals/shutdown.go:16.18,18.11 2 0
./log-service/internal/signals/shutdown.go:19.20,20.9 1 0
./log-service/internal/utils/log_id_generator.go:5.39,8.32 3 1
./log-service/internal/utils/log_id_generator.go:8.32,10.3 1 1
./log-service/internal/utils/log_id_generator.go:11.2,11.31 1 1
./log-service/internal/logger/CRUD/create_log.go:21.117,22.9 1 0
./log-service/internal/logger/CRUD/create_log.go:23.20,24.24 1 0
./log-service/internal/logger/CRUD/create_log.go:25.10,25.10 0 0
./log-service/internal/logger/CRUD/create_log.go:28.2,30.9 3 0
./log-service/internal/logger/CRUD/create_log.go:30.9,32.3 1 0
./log-service/internal/logger/CRUD/create_log.go:34.2,38.47 3 0
./log-service/internal/logger/CRUD/create_log.go:42.115,51.16 6 1
./log-service/internal/logger/CRUD/create_log.go:51.16,53.3 1 0
./log-service/internal/logger/CRUD/create_log.go:55.2,65.15 2 1
./log-service/internal/logger/CRUD/create_log.go:66.15,67.46 1 1
./log-service/internal/logger/CRUD/create_log.go:68.14,69.45 1 1
./log-service/internal/logger/CRUD/create_log.go:70.14,71.45 1 1
./log-service/internal/logger/CRUD/create_log.go:72.15,73.46 1 1
./log-service/internal/logger/CRUD/create_log.go:74.10,75.45 1 1
./log-service/internal/logger/CRUD/create_log.go:78.2,78.44 1 1
./log-service/internal/logger/CRUD/create_log.go:78.44,79.10 1 1
./log-service/internal/logger/CRUD/create_log.go:80.25,81.58 1 1
./log-service/internal/logger/CRUD/create_log.go:82.11,83.54 1 1
./log-service/internal/logger/CRUD/delete_log.go:15.107,22.16 5 1
./log-service/internal/logger/CRUD/delete_log.go:22.16,24.3 1 1
./log-service/internal/logger/CRUD/delete_log.go:25.2,28.16 3 1
./log-service/internal/logger/CRUD/delete_log.go:28.16,30.3 1 0
./log-service/internal/logger/CRUD/delete_log.go:32.2,33.16 2 1
./log-service/internal/logger/CRUD/delete_log.go:33.16,35.3 1 1
./log-service/internal/logger/CRUD/delete_log.go:37.2,38.16 2 1
./log-service/internal/logger/CRUD/delete_log.go:38.16,40.3 1 0
./log-service/internal/logger/CRUD/delete_log.go:42.2,44.80 1 1
./log-service/internal/logger/CRUD/delete_log.go:48.68,53.2 1 1
./log-service/internal/logger/CRUD/delete_log.go:55.49,59.21 3 1
./log-service/internal/logger/CRUD/delete_log.go:59.21,61.3 1 1
./log-service/internal/logger/CRUD/delete_log.go:62.2,62.29 1 1
./log-service/internal/logger/CRUD/delete_log.go:65.80,68.29 2 1
./log-service/internal/logger/CRUD/delete_log.go:68.29,70.62 2 1
./log-service/internal/logger/CRUD/delete_log.go:70.62,72.12 2 1
./log-service/internal/logger/CRUD/delete_log.go:74.3,74.63 1 1
./log-service/internal/logger/CRUD/delete_log.go:74.63,76.12 2 1
./log-service/internal/logger/CRUD/delete_log.go:78.3,78.44 1 1
./log-service/internal/logger/CRUD/delete_log.go:80.2,80.12 1 1
./log-service/internal/logger/CRUD/delete_log.go:80.12,83.3 2 1
./log-service/internal/logger/CRUD/delete_log.go:84.2,84.26 1 1
./log-service/internal/logger/CRUD/delete_log.go:87.70,89.16 2 1
./log-service/internal/logger/CRUD/delete_log.go:89.16,91.3 1 0
./log-service/internal/logger/CRUD/delete_log.go:92.2,92.12 1 1
./log-service/internal/logger/CRUD/read_log.go:13.104,18.16 3 1
./log-service/internal/logger/CRUD/read_log.go:18.16,20.3 1 1
./log-service/internal/logger/CRUD/read_log.go:21.2,24.16 3 1
./log-service/internal/logger/CRUD/read_log.go:24.16,26.3 1 1
./log-service/internal/logger/CRUD/read_log.go:28.2,32.8 1 1
./log-service/internal/logger/CRUD/read_log.go:36.59,39.16 3 1
./log-service/internal/logger/CRUD/read_log.go:39.16,41.3 1 1
./log-service/internal/logger/CRUD/read_log.go:42.2,42.18 1 1
./log-service/internal/logger/CRUD/read_log.go:45.64,47.21 2 1
./log-service/internal/logger/CRUD/read_log.go:47.21,54.62 3 1
./log-service/internal/logger/CRUD/read_log.go:54.62,55.12 1 1
./log-service/internal/logger/CRUD/read_log.go:58.3,58.21 1 1
./log-service/internal/logger/CRUD/read_log.go:58.21,60.4 1 1
./log-service/internal/logger/CRUD/read_log.go:63.2,63.38 1 1
./log-service/internal/logger/CRUD/read_log.go:63.38,65.3 1 0
./log-service/internal/logger/CRUD/read_log.go:67.2,67.55 1 1
./log-service/internal/logger/CRUD/read_log.go:69.76,71.16 2 1
./log-service/internal/logger/CRUD/read_log.go:71.16,73.3 1 1
./log-service/internal/logger/CRUD/read_log.go:73.8,75.3 1 1
./log-service/internal/logger/CRUD/read_log.go:77.2,80.3 1 1
./http-service/internal/config/config.go:15.21,17.40 1 0
./http-service/internal/config/config.go:17.40,19.3 1 0
./http-service/internal/config/config.go:21.2,25.3 1 0
./http-service/cmd/main.go:14.13,28.2 6 0
./http-service/cmd/docs/docs.go:34.13,36.2 1 0
./http-service/internal/client/grpc/business/business_client.go:20.63,23.16 2 0
./http-service/internal/client/grpc/business/business_client.go:23.16,25.3 1 0
./http-service/internal/client/grpc/business/business_client.go:27.2,38.16 6 0
./http-service/internal/client/grpc/business/business_client.go:38.16,41.37 2 0
./http-service/internal/client/grpc/business/business_client.go:41.37,44.4 2 0
./http-service/internal/client/grpc/business/business_client.go:44.9,47.4 2 0
./http-service/internal/client/grpc/business/business_client.go:50.2,52.15 2 0
./http-service/internal/client/grpc/business/business_client.go:56.58,72.2 4 0
./http-service/internal/client/grpc/business/methods.go:10.114,15.16 4 0
./http-service/internal/client/grpc/business/methods.go:15.16,17.3 1 0
./http-service/internal/client/grpc/business/methods.go:19.2,19.18 1 0
./http-service/internal/signals/shutdown.go:10.70,15.9 3 0
./http-service/internal/signals/shutdown.go:16.18,18.11 2 0
./http-service/internal/signals/shutdown.go:19.20,20.9 1 0
./http-service/internal/server/http_server.go:13.58,27.16 5 0
./http-service/internal/server/http_server.go:27.16,29.3 1 0
./http-service/internal/client/grpc/log/log_client.go:26.53,29.16 2 0
./http-service/internal/client/grpc/log/log_client.go:29.16,32.3 2 0
./http-service/internal/client/grpc/log/log_client.go:34.2,73.16 6 0
./http-service/internal/client/grpc/log/log_client.go:73.16,77.37 3 0
./http-service/internal/client/grpc/log/log_client.go:77.37,80.4 2 0
./http-service/internal/client/grpc/log/log_client.go:80.9,83.4 2 0
./http-service/internal/client/grpc/log/log_client.go:85.2,87.15 2 0
./http-service/internal/client/grpc/log/methods.go:10.95,14.16 4 0
./http-service/internal/client/grpc/log/methods.go:14.16,16.3 1 0
./http-service/internal/client/grpc/log/methods.go:18.2,18.21 1 0
./http-service/internal/client/grpc/log/methods.go:21.94,33.16 5 0
./http-service/internal/client/grpc/log/methods.go:33.16,35.3 1 0
./http-service/internal/client/grpc/log/methods.go:37.2,37.29 1 0
./http-service/internal/client/grpc/log/methods.go:41.97,51.16 4 0
./http-service/internal/client/grpc/log/methods.go:51.16,54.3 1 0
./http-service/internal/client/grpc/log/methods.go:56.2,56.28 1 0
./http-service/internal/transport/http/router.go:12.53,18.97 5 0
./http-service/internal/transport/http/router.go:18.97,20.3 1 0
./http-service/internal/transport/http/router.go:22.2,22.15 1 0
./http-service/internal/transport/http/handlers/common.go:21.61,24.56 3 1
./http-service/internal/transport/http/handlers/common.go:24.56,26.3 1 0
./http-service/internal/transport/http/handlers/common.go:42.91,44.2 1 1
./http-service/internal/transport/http/handlers/common.go:46.94,48.2 1 1
./http-service/internal/transport/http/handlers/common.go:50.99,52.2 1 1
./http-service/internal/transport/http/handlers/common.go:58.113,60.2 1 1
./http-service/internal/transport/http/handlers/delete.go:10.63,11.76 1 1
./http-service/internal/transport/http/handlers/delete.go:11.76,15.33 3 1
./http-service/internal/transport/http/handlers/delete.go:15.33,18.4 2 1
./http-service/internal/transport/http/handlers/delete.go:20.3,22.17 2 1
./http-service/internal/transport/http/handlers/delete.go:22.17,25.4 2 1
./http-service/internal/transport/http/handlers/delete.go:27.3,27.35 1 1
./http-service/internal/transport/http/handlers/delete.go:27.35,30.4 2 1
./http-service/internal/transport/http/handlers/delete.go:32.3,33.17 2 1
./http-service/internal/transport/http/handlers/delete.go:33.17,36.4 2 0
./http-service/internal/transport/http/handlers/delete.go:38.3,39.33 2 1
./http-service/internal/transport/http/handlers/process.go:31.65,32.76 1 1
./http-service/internal/transport/http/handlers/process.go:32.76,35.57 2 1
./http-service/internal/transport/http/handlers/process.go:35.57,42.4 2 1
./http-service/internal/transport/http/handlers/process.go:43.3,44.17 2 1
./http-service/internal/transport/http/handlers/process.go:44.17,51.4 2 0
./http-service/internal/transport/http/handlers/process.go:52.3,65.32 6 1
./http-service/internal/transport/http/handlers/process.go:65.32,68.23 3 1
./http-service/internal/transport/http/handlers/process.go:68.23,70.5 1 1
./http-service/internal/transport/http/handlers/process.go:71.4,71.21 1 1
./http-service/internal/transport/http/handlers/process.go:71.21,74.5 2 0
./http-service/internal/transport/http/handlers/process.go:74.10,76.5 1 1
./http-service/internal/transport/http/handlers/process.go:77.9,79.4 1 1
./http-service/internal/transport/http/handlers/process.go:81.3,85.37 5 1
./http-service/internal/transport/http/handlers/process.go:85.37,87.23 2 1
./http-service/internal/transport/http/handlers/process.go:87.23,89.5 1 1
./http-service/internal/transport/http/handlers/process.go:90.4,90.22 1 1
./http-service/internal/transport/http/handlers/process.go:90.22,93.5 2 1
./http-service/internal/transport/http/handlers/process.go:93.10,97.5 3 1
./http-service/internal/transport/http/handlers/process.go:98.9,100.4 1 1
./http-service/internal/transport/http/handlers/process.go:102.3,102.64 1 1
./http-service/internal/transport/http/handlers/process.go:102.64,108.4 5 1
./http-service/internal/transport/http/handlers/process.go:110.3,110.36 1 1
./http-service/internal/transport/http/handlers/process.go:115.52,119.27 2 1
./http-service/internal/transport/http/handlers/process.go:119.27,121.3 1 0
./http-service/internal/transport/http/handlers/process.go:121.8,121.34 1 1
./http-service/internal/transport/http/handlers/process.go:121.34,123.3 1 0
./http-service/internal/transport/http/handlers/process.go:123.8,123.29 1 1
./http-service/internal/transport/http/handlers/process.go:123.29,125.3 1 1
./http-service/internal/transport/http/handlers/process.go:125.8,127.3 1 0
./http-service/internal/transport/http/handlers/process.go:130.32,131.14 1 1
./http-service/internal/transport/http/handlers/process.go:131.14,133.3 1 1
./http-service/internal/transport/http/handlers/process.go:134.2,134.43 1 1
./http-service/internal/transport/http/handlers/process.go:135.94,136.19 1 1
./http-service/internal/transport/http/handlers/process.go:138.2,138.14 1 0
./http-service/internal/transport/http/handlers/process.go:141.100,144.16 2 1
./http-service/internal/transport/http/handlers/process.go:144.16,146.3 1 0
./http-service/internal/transport/http/handlers/process.go:147.2,150.62 3 1
./http-service/internal/transport/http/handlers/process.go:150.62,152.3 1 0
./http-service/internal/transport/http/handlers/process.go:154.2,160.42 2 1
./http-service/internal/transport/http/handlers/process.go:160.42,169.3 1 1
./http-service/internal/transport/http/handlers/process.go:171.2,182.49 2 1
./http-service/internal/transport/http/handlers/process.go:186.66,189.57 2 1
./http-service/internal/transport/http/handlers/process.go:189.57,191.3 1 0
./http-service/internal/transport/http/handlers/process.go:193.2,198.42 2 1
./http-service/internal/transport/http/handlers/process.go:198.42,206.3 1 1
./http-service/internal/transport/http/handlers/process.go:208.2,210.16 3 1
./http-service/internal/transport/http/handlers/process.go:210.16,212.3 1 1
./http-service/internal/transport/http/handlers/process.go:213.2,214.49 2 1
./http-service/internal/transport/http/handlers/read.go:12.61,13.76 1 1
./http-service/internal/transport/http/handlers/read.go:13.76,17.33 3 1
./http-service/internal/transport/http/handlers/read.go:17.33,20.4 2 1
./http-service/internal/transport/http/handlers/read.go:22.3,23.17 2 1
./http-service/internal/transport/http/handlers/read.go:23.17,26.4 2 1
./http-service/internal/transport/http/handlers/read.go:28.3,28.36 1 1
./http-service/internal/transport/http/handlers/read.go:28.36,31.4 2 1
./http-service/internal/transport/http/handlers/read.go:33.3,34.17 2 1
./http-service/internal/transport/http/handlers/read.go:34.17,37.4 2 0
./http-service/internal/transport/http/handlers/read.go:39.3,40.31 2 1
./http-service/internal/transport/http/handlers/read.go:45.81,46.30 1 1
./http-service/internal/transport/http/handlers/read.go:46.30,53.3 2 1
./http-service/internal/transport/http/handlers/read.go:55.2,58.16 3 1
./http-service/internal/transport/http/handlers/read.go:58.16,60.3 1 1
./http-service/internal/transport/http/handlers/read.go:62.2,64.16 3 1
./http-service/internal/transport/http/handlers/read.go:64.16,66.3 1 0
./http-service/internal/transport/http/handlers/read.go:68.2,97.31 3 1
./http-service/internal/utils/flexstring.go:10.56,11.37 1 0
./http-service/internal/utils/flexstring.go:11.37,13.50 2 0
./http-service/internal/utils/flexstring.go:13.50,15.4 1 0
./http-service/internal/utils/flexstring.go:16.3,17.13 2 0
./http-service/internal/utils/flexstring.go:20.2,21.51 2 0
./http-service/internal/utils/flexstring.go:21.51,23.3 1 0
./http-service/internal/utils/flexstring.go:24.2,25.12 2 0
./http-service/internal/utils/validator.go:12.59,13.33 1 1
./http-service/internal/utils/validator.go:13.33,15.3 1 1
./http-service/internal/utils/validator.go:17.2,18.16 2 1
./http-service/internal/utils/validator.go:18.16,20.3 1 1
./http-service/internal/utils/validator.go:22.2,22.18 1 1
./http-service/internal/utils/validator.go:25.57,26.26 1 1
./http-service/internal/utils/validator.go:26.26,28.3 1 1
./http-service/internal/utils/validator.go:30.2,30.56 1 1
./http-service/internal/utils/validator.go:30.56,32.3 1 1
./http-service/internal/utils/validator.go:34.2,35.16 2 1
./http-service/internal/utils/validator.go:35.16,37.3 1 0
./http-service/internal/utils/validator.go:39.2,39.20 1 1
./http-service/internal/utils/validator.go:39.20,41.3 1 0
./http-service/internal/utils/validator.go:43.2,44.51 2 1
./http-service/internal/utils/validator.go:44.51,46.3 1 1
./http-service/internal/utils/validator.go:48.2,50.18 2 1
./business-service/internal/config/config.go:16.21,18.40 1 0
./business-service/internal/config/config.go:18.40,20.3 1 0
./business-service/internal/config/config.go:22.2,27.3 1 0
./business-service/cmd/main.go:11.13,22.2 6 0
./business-service/internal/clients/kafka/producer.go:12.51,24.16 6 0
./business-service/internal/clients/kafka/producer.go:24.16,26.3 1 0
./business-service/internal/clients/kafka/producer.go:26.8,28.3 1 0
./business-service/internal/clients/kafka/producer.go:30.2,30.16 1 0
./business-service/internal/clients/kafka/producer.go:34.46,36.16 2 0
./business-service/internal/clients/kafka/producer.go:36.16,39.3 2 0
./business-service/internal/clients/kafka/producer.go:40.2,40.53 1 0
./business-service/internal/clients/kafka/writer.go:5.57,12.2 1 0
./business-service/internal/clients/grpc/log/log_client.go:20.53,23.16 2 0
./business-service/internal/clients/grpc/log/log_client.go:23.16,26.3 2 0
./business-service/internal/clients/grpc/log/log_client.go:28.2,34.16 3 0
./business-service/internal/clients/grpc/log/log_client.go:34.16,38.37 3 0
./business-service/internal/clients/grpc/log/log_client.go:38.37,41.4 2 0
./business-service/internal/clients/grpc/log/log_client.go:41.9,44.4 2 0
./business-service/internal/clients/grpc/log/log_client.go:46.2,48.15 2 0
./business-service/internal/clients/grpc/log/log_client.go:51.72,86.2 4 0
./business-service/internal/clients/grpc/log/methods.go:10.95,15.16 4 0
./business-service/internal/clients/grpc/log/methods.go:15.16,17.3 1 0
./business-service/internal/clients/grpc/log/methods.go:19.2,19.21 1 0
./business-service/internal/server/handlers/process.go:23.122,33.16 5 0
./business-service/internal/server/handlers/process.go:33.16,35.3 1 0
./business-service/internal/server/handlers/process.go:35.8,37.35 2 0
./business-service/internal/server/handlers/process.go:37.35,39.4 1 0
./business-service/internal/server/handlers/process.go:39.9,42.4 2 0
./business-service/internal/server/handlers/process.go:45.2,58.27 8 0
./business-service/internal/server/handlers/process.go:58.27,60.3 1 0
./business-service/internal/server/handlers/process.go:61.2,61.66 1 0
./business-service/internal/server/handlers/process.go:61.66,63.17 2 0
./business-service/internal/server/handlers/process.go:63.17,65.4 1 0
./business-service/internal/server/handlers/process.go:66.3,68.27 2 0
./business-service/internal/server/handlers/process.go:72.2,74.27 2 0
./business-service/internal/server/handlers/process.go:74.27,77.3 2 0
./business-service/internal/server/handlers/process.go:79.2,81.18 2 0
./business-service/internal/server/handlers/process.go:85.92,97.2 1 0
./business-service/internal/server/handlers/process.go:99.32,100.14 1 0
./business-service/internal/server/handlers/process.go:100.14,102.3 1 0
./business-service/internal/server/handlers/process.go:103.2,103.43 1 0
./business-service/internal/server/handlers/process.go:104.94,105.19 1 0
./business-service/internal/server/handlers/process.go:107.2,107.14 1 0
./business-service/internal/signals/shutdown.go:10.70,15.9 3 0
./business-service/internal/signals/shutdown.go:16.18,18.11 2 0
./business-service/internal/signals/shutdown.go:19.20,20.9 1 0
./business-service/internal/server/business_manager.go:8.82,12.2 1 0
./business-service/internal/server/server.go:12.44,14.16 2 0
./business-service/internal/server/server.go:14.16,16.3 1 0
./business-service/internal/server/server.go:18.2,22.81 3 0
./business-service/internal/server/server.go:22.81,24.3 1 0
./business-service/internal/server/server.go:27.91,31.2 3 0
./business-service/internal/logic/grapth.go:10.113,17.25 5 0
./business-service/internal/logic/grapth.go:17.25,21.25 3 0
./business-service/internal/logic/grapth.go:21.25,24.4 2 0
./business-service/internal/logic/grapth.go:24.9,24.27 1 0
./business-service/internal/logic/grapth.go:24.27,26.4 1 0
./business-service/internal/logic/grapth.go:26.9,28.4 1 0
./business-service/internal/logic/grapth.go:30.3,30.96 1 0
./business-service/internal/logic/grapth.go:34.2,34.32 1 0
./business-service/internal/logic/grapth.go:34.32,35.27 1 0
./business-service/internal/logic/grapth.go:35.27,37.4 1 0
./business-service/internal/logic/grapth.go:40.2,41.58 2 0
./business-service/internal/logic/process.go:12.102,22.6 7 1
./business-service/internal/logic/process.go:22.6,32.25 3 1
./business-service/internal/logic/process.go:32.25,33.9 1 1
./business-service/internal/logic/process.go:36.3,36.31 1 1
./business-service/internal/logic/process.go:36.31,38.31 2 1
./business-service/internal/logic/process.go:38.31,40.75 2 1
./business-service/internal/logic/process.go:40.75,44.6 3 1
./business-service/internal/logic/process.go:48.3,50.16 2 1
./business-service/internal/logic/process.go:50.16,51.9 1 0
./business-service/internal/logic/process.go:54.3,54.22 1 1
./business-service/internal/logic/process.go:57.2,59.27 3 1
./business-service/internal/logic/process.go:62.116,63.32 1 1
./business-service/internal/logic/process.go:63.32,64.30 1 1
./business-service/internal/logic/process.go:64.30,66.4 1 1
./business-service/internal/logic/process.go:70.147,71.29 1 1
./business-service/internal/logic/process.go:71.29,72.55 1 1
./business-service/internal/logic/process.go:72.55,73.12 1 1
./business-service/internal/logic/process.go:76.3,76.53 1 1
./business-service/internal/logic/process.go:76.53,78.4 1 1
./business-service/internal/logic/process.go:78.9,80.4 1 0
./business-service/internal/logic/process.go:82.2,82.28 1 1
./business-service/internal/logic/process.go:85.93,90.32 4 1
./business-service/internal/logic/process.go:90.32,93.29 2 1
./business-service/internal/logic/process.go:93.29,94.31 1 1
./business-service/internal/logic/process.go:94.31,96.5 1 1
./business-service/internal/logic/process.go:97.4,97.32 1 1
./business-service/internal/logic/process.go:97.32,99.5 1 1
./business-service/internal/logic/process.go:100.9,100.37 1 1
./business-service/internal/logic/process.go:100.37,105.4 4 1
./business-service/internal/logic/process.go:108.2,111.22 3 1
./business-service/internal/logic/process.go:111.22,114.35 3 1
./business-service/internal/logic/process.go:114.35,116.22 2 1
./business-service/internal/logic/process.go:116.22,119.5 2 1
./business-service/internal/logic/process.go:123.2,124.24 2 1
./business-service/internal/logic/process.go:127.68,130.37 2 1
./business-service/internal/logic/process.go:130.37,132.3 1 0
./business-service/internal/logic/process.go:134.2,136.32 3 1
./business-service/internal/logic/process.go:136.32,138.3 1 0
./business-service/internal/logic/process.go:140.2,141.12 2 1
./business-service/internal/logic/process.go:142.11,143.30 1 1
./business-service/internal/logic/process.go:144.11,145.30 1 0
./business-service/internal/logic/process.go:146.11,147.30 1 0
./business-service/internal/logic/process.go:148.10,149.15 1 0
./business-service/internal/logic/process.go:152.2,153.13 2 1
./business-service/internal/logic/process.go:156.59,158.16 2 1
./business-service/internal/logic/process.go:158.16,160.3 1 1
./business-service/internal/logic/process.go:162.2,162.31 1 0
./business-service/internal/logic/process.go:162.31,164.3 1 0
./business-service/internal/logic/process.go:165.2,165.77 1 0
./business-service/internal/logic/process.go:168.100,169.39 1 1
./business-service/internal/logic/process.go:169.39,174.3 1 1
./business-service/internal/logic/process.go:174.8,180.3 2 1
./business-service/internal/logic/process.go:183.30,186.2 2 1
./business-service/internal/logic/process.go:188.59,189.33 1 1
./business-service/internal/logic/process.go:189.33,190.18 1 1
./business-service/internal/logic/process.go:190.18,192.4 1 1
./business-service/internal/logic/process.go:193.3,194.12 2 0
./business-service/internal/logic/process.go:197.2,197.40 1 1
./business-service/internal/logic/var_store.go:10.30,14.2 1 1
./business-service/internal/logic/var_store.go:16.48,20.2 3 1
./business-service/internal/logic/var_store.go:22.49,27.2 4 1
./dashboard-service/internal/config/config.go:17.21,19.40 1 0
./dashboard-service/internal/config/config.go:19.40,21.3 1 0
./dashboard-service/internal/config/config.go:23.2,29.3 1 0
./dashboard-service/internal/signals/shutdown.go:10.70,15.9 3 0
./dashboard-service/internal/signals/shutdown.go:16.18,18.11 2 0
./dashboard-service/internal/signals/shutdown.go:19.20,20.9 1 0
./dashboard-service/internal/ws/handler.go:8.59,9.54 1 0
./dashboard-service/internal/ws/handler.go:9.54,11.17 2 0
./dashboard-service/internal/ws/handler.go:11.17,14.4 2 0
./dashboard-service/internal/ws/handler.go:15.3,19.7 4 0
./dashboard-service/internal/ws/handler.go:19.7,21.18 2 0
./dashboard-service/internal/ws/handler.go:21.18,24.5 2 0
./dashboard-service/internal/ws/http.go:19.51,23.2 3 0
./dashboard-service/internal/ws/http.go:25.54,29.2 3 0
./dashboard-service/internal/ws/http.go:31.59,39.16 5 0
./dashboard-service/internal/ws/http.go:39.16,41.3 1 0
./dashboard-service/internal/ws/http.go:49.37,50.54 1 0
./dashboard-service/internal/ws/http.go:50.54,119.3 3 0
./dashboard-service/internal/ws/http.go:122.57,126.38 3 0
./dashboard-service/internal/ws/http.go:126.38,128.17 2 0
./dashboard-service/internal/ws/http.go:128.17,132.4 3 0
./dashboard-service/internal/ws/http.go:136.65,140.38 3 0
./dashboard-service/internal/ws/http.go:140.38,142.17 2 0
./dashboard-service/internal/ws/http.go:142.17,146.4 3 0
./dashboard-service/cmd/main.go:14.13,21.16 5 0
./dashboard-service/cmd/main.go:21.16,23.3 1 0
./dashboard-service/cmd/main.go:24.2,32.38 6 0
./dashboard-service/internal/kafka/connection.go:12.76,19.16 3 0
./dashboard-service/internal/kafka/connection.go:19.16,21.3 1 0
./dashboard-service/internal/kafka/connection.go:23.2,37.16 3 0
./dashboard-service/internal/kafka/connection.go:37.16,39.3 1 0
./dashboard-service/internal/kafka/connection.go:41.2,43.18 2 0
./dashboard-service/internal/kafka/consumer/business.go:11.52,13.16 2 0
./dashboard-service/internal/kafka/consumer/business.go:13.16,16.3 2 0
./dashboard-service/internal/kafka/consumer/business.go:17.2,17.13 1 0
./dashboard-service/internal/kafka/consumer/business.go:20.68,22.2 1 0
./dashboard-service/internal/kafka/consumer/business.go:24.51,26.2 1 0
./dashboard-service/internal/kafka/consumer/consumer.go:15.74,18.2 2 0
./dashboard-service/internal/kafka/consumer/consumer.go:26.25,35.12 2 0
./dashboard-service/internal/kafka/consumer/consumer.go:35.12,37.7 2 0
./dashboard-service/internal/kafka/consumer/consumer.go:37.7,39.18 2 0
./dashboard-service/internal/kafka/consumer/consumer.go:39.18,40.25 1 0
./dashboard-service/internal/kafka/consumer/consumer.go:40.25,42.6 1 0
./dashboard-service/internal/kafka/consumer/consumer.go:42.11,44.6 1 0
./dashboard-service/internal/kafka/consumer/consumer.go:45.5,45.10 1 0
./dashboard-service/internal/kafka/consumer/consumer.go:47.4,48.19 2 0
./dashboard-service/internal/kafka/consumer/consumer.go:48.19,50.5 1 0
./dashboard-service/internal/kafka/consumer/logger.go:13.49,15.2 1 0
./dashboard-service/internal/kafka/consumer/logger.go:17.68,20.16 3 0
./dashboard-service/internal/kafka/consumer/logger.go:20.16,22.3 1 0
./dashboard-service/internal/kafka/consumer/logger.go:24.2,25.16 2 0
./dashboard-service/internal/kafka/consumer/logger.go:25.16,28.3 2 0
./dashboard-service/internal/kafka/consumer/logger.go:30.2,30.44 1 0
./dashboard-service/internal/kafka/consumer/mock.go:10.49,11.25 1 0
./dashboard-service/internal/kafka/consumer/mock.go:11.25,13.3 1 0
./dashboard-service/internal/kafka/consumer/mock.go:14.2,14.12 1 0
./dashboard-service/internal/kafka/consumer/mock.go:17.69,18.28 1 0
./dashboard-service/internal/kafka/consumer/mock.go:18.28,20.3 1 0
